[I 2024-12-27 21:44:31,471] Trial 30 finished with value: 0.824605904688067 and parameters: {'n_estimators': 146, 'learning_rate': 0.025926100902062776, 'max_depth': 9, 'subsample': 0.7912668559313102, 'colsample_bytree': 0.7204458401273913, 'random_state': 46, 'gamma': 5.948763338128668, 'min_child_weight': 0.816404836614633, 'reg_alpha': 7.670285365909727, 'reg_lambda': 8.62069984659445, 'scale_pos_weight': 4.219356888031434, 'max_delta_step': 9, 'colsample_bylevel': 0.8140823553935668, 'colsample_bynode': 0.5488003498816313}. Best is trial 26 with value: 0.8922452642091658.
[I 2024-12-27 21:44:45,659] Trial 31 finished with value: 0.8944029255718584 and parameters: {'n_estimators': 162, 'learning_rate': 0.06375461562959979, 'max_depth': 9, 'subsample': 0.6942984115173608, 'colsample_bytree': 0.8349665715365576, 'random_state': 12, 'gamma': 5.392370424618171, 'min_child_weight': 2.8287692798891086, 'reg_alpha': 8.720293460433622, 'reg_lambda': 9.183769356268568, 'scale_pos_weight': 1.8852212904659928, 'max_delta_step': 7, 'colsample_bylevel': 0.7932321027479421, 'colsample_bynode': 0.6683640350239495}. Best is trial 31 with value: 0.8944029255718584.
[I 2024-12-27 21:44:58,446] Trial 32 finished with value: 0.8971657154312787 and parameters: {'n_estimators': 165, 'learning_rate': 0.05088000870459108, 'max_depth': 10, 'subsample': 0.6981213004046936, 'colsample_bytree': 0.8424636371185396, 'random_state': 27, 'gamma': 5.659395474514089, 'min_child_weight': 1.7997109718440756, 'reg_alpha': 7.543480555884102, 'reg_lambda': 9.358542517150855, 'scale_pos_weight': 1.8016465512709887, 'max_delta_step': 8, 'colsample_bylevel': 0.797719119266902, 'colsample_bynode': 0.5934551125204264}. Best is trial 32 with value: 0.8971657154312787.
[I 2024-12-27 21:45:09,442] Trial 33 finished with value: 0.8983698375392972 and parameters: {'n_estimators': 137, 'learning_rate': 0.056998467188966166, 'max_depth': 10, 'subsample': 0.6885374473966026, 'colsample_bytree': 0.8316744476524894, 'random_state': 28, 'gamma': 6.846816972984089, 'min_child_weight': 1.9011750589572292, 'reg_alpha': 8.788661748447671, 'reg_lambda': 9.17186993955007, 'scale_pos_weight': 1.5367434543465421, 'max_delta_step': 8, 'colsample_bylevel': 0.8977692687002093, 'colsample_bynode': 0.6884480938017858}. Best is trial 33 with value: 0.8983698375392972.
[I 2024-12-27 21:45:19,491] Trial 34 finished with value: 0.8678386149662064 and parameters: {'n_estimators': 114, 'learning_rate': 0.06122958709679745, 'max_depth': 10, 'subsample': 0.6213624856071108, 'colsample_bytree': 0.7826832007316494, 'random_state': 28, 'gamma': 6.948473599233296, 'min_child_weight': 1.873601782833978, 'reg_alpha': 8.803269623132342, 'reg_lambda': 8.256604886461043, 'scale_pos_weight': 0.4846729550094109, 'max_delta_step': 8, 'colsample_bylevel': 0.9300380814736031, 'colsample_bynode': 0.6933971120410437}. Best is trial 33 with value: 0.8983698375392972.
[I 2024-12-27 21:45:32,707] Trial 35 finished with value: 0.897929747211786 and parameters: {'n_estimators': 136, 'learning_rate': 0.0524036921207752, 'max_depth': 10, 'subsample': 0.6851809067187807, 'colsample_bytree': 0.6474908741380125, 'random_state': 66, 'gamma': 8.342458070868073, 'min_child_weight': 3.252728728690987, 'reg_alpha': 7.84406422331648, 'reg_lambda': 1.2441239194149167, 'scale_pos_weight': 1.4463115700882496, 'max_delta_step': 9, 'colsample_bylevel': 0.8914496257235054, 'colsample_bynode': 0.700981786570854}. Best is trial 33 with value: 0.8983698375392972.
[I 2024-12-27 21:45:45,709] Trial 36 finished with value: 0.8982842726807696 and parameters: {'n_estimators': 137, 'learning_rate': 0.051940165485364544, 'max_depth': 10, 'subsample': 0.6815027251315032, 'colsample_bytree': 0.6569926930710939, 'random_state': 40, 'gamma': 8.88760372053095, 'min_child_weight': 4.775898643838182, 'reg_alpha': 7.789906872716276, 'reg_lambda': 1.0815211587394966, 'scale_pos_weight': 1.344848633973786, 'max_delta_step': 9, 'colsample_bylevel': 0.8940538862422771, 'colsample_bynode': 0.703382149486578}. Best is trial 33 with value: 0.8983698375392972.
[I 2024-12-27 21:45:55,629] Trial 37 finished with value: 0.8969517704081611 and parameters: {'n_estimators': 134, 'learning_rate': 0.053858767685337504, 'max_depth': 10, 'subsample': 0.6370171823533444, 'colsample_bytree': 0.644103011046851, 'random_state': 69, 'gamma': 8.801271901795602, 'min_child_weight': 6.998085560995589, 'reg_alpha': 7.9553946153358375, 'reg_lambda': 0.8162486824651047, 'scale_pos_weight': 1.3277543783287165, 'max_delta_step': 10, 'colsample_bylevel': 0.9100943150757218, 'colsample_bynode': 0.7427343445869762}. Best is trial 33 with value: 0.8983698375392972.
[I 2024-12-27 21:46:05,838] Trial 38 finished with value: 0.8962610856457056 and parameters: {'n_estimators': 116, 'learning_rate': 0.0387931092129913, 'max_depth': 10, 'subsample': 0.6718010551682626, 'colsample_bytree': 0.5763196694902566, 'random_state': 42, 'gamma': 8.279670553419919, 'min_child_weight': 6.320144268215264, 'reg_alpha': 7.60388833285044, 'reg_lambda': 1.2825527822604132, 'scale_pos_weight': 1.2463466683148559, 'max_delta_step': 9, 'colsample_bylevel': 0.9883463000070096, 'colsample_bynode': 0.7769654758619637}. Best is trial 33 with value: 0.8983698375392972.
[I 2024-12-27 21:46:13,356] Trial 39 finished with value: 0.8725878893976656 and parameters: {'n_estimators': 101, 'learning_rate': 0.05340200556684776, 'max_depth': 10, 'subsample': 0.6060528393657201, 'colsample_bytree': 0.5746894716407949, 'random_state': 48, 'gamma': 9.926230964201988, 'min_child_weight': 4.268914992021891, 'reg_alpha': 8.22416798822345, 'reg_lambda': 2.1803417277482, 'scale_pos_weight': 0.6000573890782853, 'max_delta_step': 9, 'colsample_bylevel': 0.9482954425075044, 'colsample_bynode': 0.7153207082137035}. Best is trial 33 with value: 0.8983698375392972.
[I 2024-12-27 21:46:28,083] Trial 40 finished with value: 0.8237562990826326 and parameters: {'n_estimators': 137, 'learning_rate': 0.03282499253173784, 'max_depth': 10, 'subsample': 0.5462336861022221, 'colsample_bytree': 0.6661189422019235, 'random_state': 33, 'gamma': 9.069274662570411, 'min_child_weight': 4.596380775643011, 'reg_alpha': 9.321289974539349, 'reg_lambda': 0.47052618267456303, 'scale_pos_weight': 7.803904839025266, 'max_delta_step': 10, 'colsample_bylevel': 0.847168155758808, 'colsample_bynode': 0.709566137891865}. Best is trial 33 with value: 0.8983698375392972.
[I 2024-12-27 21:46:40,262] Trial 41 finished with value: 0.8981131433373151 and parameters: {'n_estimators': 137, 'learning_rate': 0.05250192186375535, 'max_depth': 10, 'subsample': 0.6385295986535989, 'colsample_bytree': 0.659696270662817, 'random_state': 74, 'gamma': 8.66273546502373, 'min_child_weight': 7.427597210434761, 'reg_alpha': 7.843267435997566, 'reg_lambda': 1.040436978558768, 'scale_pos_weight': 1.330922744319024, 'max_delta_step': 10, 'colsample_bylevel': 0.9046226289097837, 'colsample_bynode': 0.7466409594920453}. Best is trial 33 with value: 0.8983698375392972.
[I 2024-12-27 21:46:53,005] Trial 42 finished with value: 0.8964872387956989 and parameters: {'n_estimators': 125, 'learning_rate': 0.052515505741983104, 'max_depth': 10, 'subsample': 0.6542063283194814, 'colsample_bytree': 0.5961505249526613, 'random_state': 90, 'gamma': 8.045222958699995, 'min_child_weight': 8.883202064611165, 'reg_alpha': 8.318781346902615, 'reg_lambda': 1.5609406490261466, 'scale_pos_weight': 1.4373843047064523, 'max_delta_step': 9, 'colsample_bylevel': 0.900839392340901, 'colsample_bynode': 0.8230061140245002}. Best is trial 33 with value: 0.8983698375392972.
[I 2024-12-27 21:47:07,126] Trial 43 finished with value: 0.879886104680625 and parameters: {'n_estimators': 146, 'learning_rate': 0.041337632295725145, 'max_depth': 10, 'subsample': 0.6819263336516834, 'colsample_bytree': 0.727542279195707, 'random_state': 80, 'gamma': 9.316895712594357, 'min_child_weight': 6.146660173131673, 'reg_alpha': 7.553734176726092, 'reg_lambda': 3.1972391369034536, 'scale_pos_weight': 3.038374629243449, 'max_delta_step': 10, 'colsample_bylevel': 0.9515100710969159, 'colsample_bynode': 0.7701991350603595}. Best is trial 33 with value: 0.8983698375392972.
[I 2024-12-27 21:47:12,856] Trial 44 finished with value: 0.8561090121433447 and parameters: {'n_estimators': 120, 'learning_rate': 0.08094655579059415, 'max_depth': 5, 'subsample': 0.5671123712842236, 'colsample_bytree': 0.6657158484757969, 'random_state': 71, 'gamma': 6.612075505092067, 'min_child_weight': 7.85954599007925, 'reg_alpha': 8.512018887120613, 'reg_lambda': 2.0206598721118896, 'scale_pos_weight': 0.940164678291968, 'max_delta_step': 8, 'colsample_bylevel': 0.8480630376734989, 'colsample_bynode': 0.7407350984266323}. Best is trial 33 with value: 0.8983698375392972.
[I 2024-12-27 21:47:20,958] Trial 45 finished with value: 0.875472966005838 and parameters: {'n_estimators': 107, 'learning_rate': 0.05026132255166652, 'max_depth': 10, 'subsample': 0.7311622881925554, 'colsample_bytree': 0.5216501214729161, 'random_state': 39, 'gamma': 7.969926928897477, 'min_child_weight': 8.467764768282034, 'reg_alpha': 6.125856614932914, 'reg_lambda': 1.0712164092841507, 'scale_pos_weight': 0.5616899568967645, 'max_delta_step': 9, 'colsample_bylevel': 0.9160901596825402, 'colsample_bynode': 0.6499045101172939}. Best is trial 33 with value: 0.8983698375392972.
[I 2024-12-27 21:47:29,484] Trial 46 finished with value: 0.8787063954639581 and parameters: {'n_estimators': 84, 'learning_rate': 0.028989442957049798, 'max_depth': 10, 'subsample': 0.6483149872355919, 'colsample_bytree': 0.6858255739429555, 'random_state': 64, 'gamma': 8.751696909268782, 'min_child_weight': 3.774555590744347, 'reg_alpha': 9.356221185739987, 'reg_lambda': 0.38761559170762994, 'scale_pos_weight': 1.436025763593204, 'max_delta_step': 9, 'colsample_bylevel': 0.8919628539130628, 'colsample_bynode': 0.6824616327071}. Best is trial 33 with value: 0.8983698375392972.
[I 2024-12-27 21:47:36,510] Trial 47 finished with value: 0.8111220504093982 and parameters: {'n_estimators': 129, 'learning_rate': 0.06793858125194105, 'max_depth': 5, 'subsample': 0.7019720883443745, 'colsample_bytree': 0.612910997639781, 'random_state': 23, 'gamma': 9.887451920362585, 'min_child_weight': 9.859208738499198, 'reg_alpha': 8.025159807712841, 'reg_lambda': 4.365549158782986, 'scale_pos_weight': 2.3508411967928597, 'max_delta_step': 8, 'colsample_bylevel': 0.8536376895464958, 'colsample_bynode': 0.6304422436373596}. Best is trial 33 with value: 0.8983698375392972.
[I 2024-12-27 21:47:51,276] Trial 48 finished with value: 0.8838163351066382 and parameters: {'n_estimators': 139, 'learning_rate': 0.056007182485468626, 'max_depth': 10, 'subsample': 0.6293470938422207, 'colsample_bytree': 0.7240118578921276, 'random_state': 100, 'gamma': 7.071764914224026, 'min_child_weight': 1.8649622901428233, 'reg_alpha': 9.05163405474484, 'reg_lambda': 0.10235566471266111, 'scale_pos_weight': 3.3517284931861386, 'max_delta_step': 10, 'colsample_bylevel': 0.9218306017707032, 'colsample_bynode': 0.7219536441500909}. Best is trial 33 with value: 0.8983698375392972.
[I 2024-12-27 21:48:05,913] Trial 49 finished with value: 0.8899470328614069 and parameters: {'n_estimators': 173, 'learning_rate': 0.037177808420149984, 'max_depth': 8, 'subsample': 0.6719416141901216, 'colsample_bytree': 0.8101333494355691, 'random_state': 52, 'gamma': 6.231909197091776, 'min_child_weight': 7.144319787912013, 'reg_alpha': 5.300515359972499, 'reg_lambda': 3.170937890115428, 'scale_pos_weight': 1.0605503467283262, 'max_delta_step': 9, 'colsample_bylevel': 0.9613119982456997, 'colsample_bynode': 0.7603611327467193}. Best is trial 33 with value: 0.8983698375392972.
Best trial accuracy: 0.8983698375392972
Best parameters: {'n_estimators': 137, 'learning_rate': 0.056998467188966166, 'max_depth': 10, 'subsample': 0.6885374473966026, 'colsample_bytree': 0.8316744476524894, 'random_state': 28, 'gamma': 6.846816972984089, 'min_child_weight': 1.9011750589572292, 'reg_alpha': 8.788661748447671, 'reg_lambda': 9.17186993955007, 'scale_pos_weight': 1.5367434543465421, 'max_delta_step': 8, 'colsample_bylevel': 0.8977692687002093, 'colsample_bynode': 0.6884480938017858}
               Feature  Importance
6          min_flowiat    0.085107
7          max_flowiat    0.080676
18   flowPktsPerSecond    0.065496
8         mean_flowiat    0.060953
9          std_flowiat    0.057047
16            max_idle    0.055790
3             min_biat    0.055652
19  flowBytesPerSecond    0.054990
5            mean_biat    0.047530
0             min_fiat    0.044705
1             max_fiat    0.044531
2            mean_fiat    0.042672
12          max_active    0.040885
20            duration    0.040428
4             max_biat    0.036528
14            min_idle    0.036016
15           mean_idle    0.033131
10          min_active    0.030829
11         mean_active    0.030265
17            std_idle    0.029551
13          std_active    0.027219

Process finished with exit code 0
