"C:\Users\Neil Huang\AppData\Local\Programs\Python\Python312\python.exe" "D:\pycharmProjects\Aeternus Argus\Train.py"

Processing file: vpndata/Scenario A1-ARFF\TimeBasedFeatures-Dataset-120s-VPN.arff
rows of individual file: 10782

Processing file: vpndata/Scenario A1-ARFF\TimeBasedFeatures-Dataset-15s-VPN.arff
rows of individual file: 18758

Processing file: vpndata/Scenario A1-ARFF\TimeBasedFeatures-Dataset-30s-VPN.arff
rows of individual file: 14651

Processing file: vpndata/Scenario A1-ARFF\TimeBasedFeatures-Dataset-60s-VPN.arff
rows of individual file: 15515

Processing file: vpndata/Scenario A2-ARFF\TimeBasedFeatures-Dataset-120s-NO-VPN.arff
rows of individual file: 5151

Processing file: vpndata/Scenario A2-ARFF\TimeBasedFeatures-Dataset-120s-VPN.arff
rows of individual file: 5631

Processing file: vpndata/Scenario A2-ARFF\TimeBasedFeatures-Dataset-15s-NO-VPN.arff
rows of individual file: 8965

Processing file: vpndata/Scenario A2-ARFF\TimeBasedFeatures-Dataset-15s-VPN.arff
rows of individual file: 9793

Processing file: vpndata/Scenario A2-ARFF\TimeBasedFeatures-Dataset-30s-NO-VPN.arff
rows of individual file: 6917

Processing file: vpndata/Scenario A2-ARFF\TimeBasedFeatures-Dataset-30s-VPN.arff
rows of individual file: 7734

Processing file: vpndata/Scenario A2-ARFF\TimeBasedFeatures-Dataset-60s-NO-VPN.arff
rows of individual file: 8580

Processing file: vpndata/Scenario A2-ARFF\TimeBasedFeatures-Dataset-60s-VPN.arff
rows of individual file: 6935

Processing file: vpndata/Scenario B-ARFF\TimeBasedFeatures-Dataset-120s.arff
rows of individual file: 10782

Processing file: vpndata/Scenario B-ARFF\TimeBasedFeatures-Dataset-15s.arff
rows of individual file: 18758

Processing file: vpndata/Scenario B-ARFF\TimeBasedFeatures-Dataset-30s.arff
rows of individual file: 14651

Processing file: vpndata/Scenario B-ARFF\TimeBasedFeatures-Dataset-60s.arff
Empty string found in line 28 (column 0): ",,,,,,,,,,,,,,,,,,,,,,,"
Empty string found in line 28 (column 1): ",,,,,,,,,,,,,,,,,,,,,,,"
Empty string found in line 28 (column 2): ",,,,,,,,,,,,,,,,,,,,,,,"
Empty string found in line 28 (column 3): ",,,,,,,,,,,,,,,,,,,,,,,"
Empty string found in line 28 (column 4): ",,,,,,,,,,,,,,,,,,,,,,,"
Empty string found in line 28 (column 5): ",,,,,,,,,,,,,,,,,,,,,,,"
Empty string found in line 28 (column 6): ",,,,,,,,,,,,,,,,,,,,,,,"
Empty string found in line 28 (column 7): ",,,,,,,,,,,,,,,,,,,,,,,"
Empty string found in line 28 (column 8): ",,,,,,,,,,,,,,,,,,,,,,,"
Empty string found in line 28 (column 9): ",,,,,,,,,,,,,,,,,,,,,,,"
Empty string found in line 28 (column 10): ",,,,,,,,,,,,,,,,,,,,,,,"
Empty string found in line 28 (column 11): ",,,,,,,,,,,,,,,,,,,,,,,"
Empty string found in line 28 (column 12): ",,,,,,,,,,,,,,,,,,,,,,,"
Empty string found in line 28 (column 13): ",,,,,,,,,,,,,,,,,,,,,,,"
Empty string found in line 28 (column 14): ",,,,,,,,,,,,,,,,,,,,,,,"
Empty string found in line 28 (column 15): ",,,,,,,,,,,,,,,,,,,,,,,"
Empty string found in line 28 (column 16): ",,,,,,,,,,,,,,,,,,,,,,,"
Empty string found in line 28 (column 17): ",,,,,,,,,,,,,,,,,,,,,,,"
Empty string found in line 28 (column 18): ",,,,,,,,,,,,,,,,,,,,,,,"
Empty string found in line 28 (column 19): ",,,,,,,,,,,,,,,,,,,,,,,"
Empty string found in line 28 (column 20): ",,,,,,,,,,,,,,,,,,,,,,,"
Empty string found in line 28 (column 21): ",,,,,,,,,,,,,,,,,,,,,,,"
Empty string found in line 28 (column 22): ",,,,,,,,,,,,,,,,,,,,,,,"
Empty string found in line 28 (column 23): ",,,,,,,,,,,,,,,,,,,,,,,"
Error processing file: vpndata/Scenario B-ARFF\TimeBasedFeatures-Dataset-60s.arff
could not convert string to float: ''
Total combined rows after all scenarios: 163603
Missing values count:
 duration              0
min_fiat              0
min_biat              0
max_fiat              0
max_biat              0
mean_fiat             0
mean_biat             0
flowPktsPerSecond     0
flowBytesPerSecond    0
min_flowiat           0
max_flowiat           0
mean_flowiat          0
std_flowiat           0
min_active            0
mean_active           0
max_active            0
std_active            0
min_idle              0
mean_idle             0
max_idle              0
std_idle              0
class1                0
dtype: int64
[I 2024-12-27 21:38:28,020] A new study created in memory with name: no-name-45c6482e-41b4-49ef-a1ab-5d3f23c200aa
[I 2024-12-27 21:38:47,770] Trial 0 finished with value: 0.747681888649569 and parameters: {'n_estimators': 142, 'learning_rate': 0.015274040977706061, 'max_depth': 9, 'subsample': 0.6604980750199287, 'colsample_bytree': 0.6888945417915558, 'random_state': 97, 'gamma': 0.5980950681515473, 'min_child_weight': 4.015040117879999, 'reg_alpha': 8.631698545093485, 'reg_lambda': 1.6781501858172727, 'scale_pos_weight': 8.709036336003724, 'max_delta_step': 10, 'colsample_bylevel': 0.6694640816886204, 'colsample_bynode': 0.9033437582295201}. Best is trial 0 with value: 0.747681888649569.
[I 2024-12-27 21:38:57,283] Trial 1 finished with value: 0.8147405445204912 and parameters: {'n_estimators': 107, 'learning_rate': 0.01631317173577222, 'max_depth': 6, 'subsample': 0.7193883689405604, 'colsample_bytree': 0.8690633293752611, 'random_state': 8, 'gamma': 9.123140152179687, 'min_child_weight': 6.184866295354699, 'reg_alpha': 7.744565140089242, 'reg_lambda': 5.0960377286309555, 'scale_pos_weight': 1.1590238789960454, 'max_delta_step': 1, 'colsample_bylevel': 0.964254116823597, 'colsample_bynode': 0.7369901190201431}. Best is trial 1 with value: 0.8147405445204912.
[I 2024-12-27 21:39:11,782] Trial 2 finished with value: 0.8357182056321244 and parameters: {'n_estimators': 143, 'learning_rate': 0.054225197346805365, 'max_depth': 8, 'subsample': 0.6588184673709538, 'colsample_bytree': 0.8514535658797708, 'random_state': 75, 'gamma': 2.319667096051623, 'min_child_weight': 7.725006269736598, 'reg_alpha': 3.6365137469990128, 'reg_lambda': 2.5012656842003076, 'scale_pos_weight': 6.863185720603803, 'max_delta_step': 3, 'colsample_bylevel': 0.913103734189666, 'colsample_bynode': 0.887114182861863}. Best is trial 2 with value: 0.8357182056321244.
[I 2024-12-27 21:39:21,623] Trial 3 finished with value: 0.7624616069970197 and parameters: {'n_estimators': 62, 'learning_rate': 0.05601657863809505, 'max_depth': 10, 'subsample': 0.6566125096013331, 'colsample_bytree': 0.6979684833991904, 'random_state': 38, 'gamma': 6.381856840464569, 'min_child_weight': 1.7313844987504754, 'reg_alpha': 8.044075563673088, 'reg_lambda': 7.08808614695704, 'scale_pos_weight': 9.690389644765048, 'max_delta_step': 6, 'colsample_bylevel': 0.548098165717857, 'colsample_bynode': 0.5690019021544448}. Best is trial 2 with value: 0.8357182056321244.
[I 2024-12-27 21:39:30,479] Trial 4 finished with value: 0.7473151617785093 and parameters: {'n_estimators': 153, 'learning_rate': 0.017778345710207994, 'max_depth': 4, 'subsample': 0.7682348014541944, 'colsample_bytree': 0.6190817914923075, 'random_state': 19, 'gamma': 0.3201126690688194, 'min_child_weight': 8.02929257396907, 'reg_alpha': 2.2530817593549473, 'reg_lambda': 0.17994156064603162, 'scale_pos_weight': 1.4611749922951565, 'max_delta_step': 2, 'colsample_bylevel': 0.6607074023974424, 'colsample_bynode': 0.8565619282666539}. Best is trial 2 with value: 0.8357182056321244.
[I 2024-12-27 21:39:40,782] Trial 5 finished with value: 0.8835107198539554 and parameters: {'n_estimators': 65, 'learning_rate': 0.02920399103862199, 'max_depth': 10, 'subsample': 0.993586163291847, 'colsample_bytree': 0.7553064980782, 'random_state': 2, 'gamma': 6.363866044324187, 'min_child_weight': 1.4684458087486607, 'reg_alpha': 8.332000676208981, 'reg_lambda': 9.722696766190083, 'scale_pos_weight': 0.8945526437179616, 'max_delta_step': 8, 'colsample_bylevel': 0.7732329766223023, 'colsample_bynode': 0.9727311944512631}. Best is trial 5 with value: 0.8835107198539554.
[I 2024-12-27 21:39:49,255] Trial 6 finished with value: 0.6733189502318486 and parameters: {'n_estimators': 94, 'learning_rate': 0.024513207398546896, 'max_depth': 6, 'subsample': 0.5114571410215456, 'colsample_bytree': 0.8143189151543356, 'random_state': 77, 'gamma': 2.356302509652032, 'min_child_weight': 9.865286924787695, 'reg_alpha': 5.807697782912099, 'reg_lambda': 2.776092036165096, 'scale_pos_weight': 8.820371220915705, 'max_delta_step': 9, 'colsample_bylevel': 0.8406411144525956, 'colsample_bynode': 0.7256893343410087}. Best is trial 5 with value: 0.8835107198539554.
[I 2024-12-27 21:40:01,109] Trial 7 finished with value: 0.6982635005213215 and parameters: {'n_estimators': 174, 'learning_rate': 0.021293438832696507, 'max_depth': 5, 'subsample': 0.8133765263738215, 'colsample_bytree': 0.6968594204404326, 'random_state': 20, 'gamma': 6.041469225866445, 'min_child_weight': 2.1150744399363077, 'reg_alpha': 1.7498347029929255, 'reg_lambda': 3.5187422839278395, 'scale_pos_weight': 4.56056757954301, 'max_delta_step': 8, 'colsample_bylevel': 0.8647567809011272, 'colsample_bynode': 0.5200817469280805}. Best is trial 5 with value: 0.8835107198539554.
[I 2024-12-27 21:40:10,240] Trial 8 finished with value: 0.7134954997639595 and parameters: {'n_estimators': 115, 'learning_rate': 0.032938764710678615, 'max_depth': 6, 'subsample': 0.9961077984635627, 'colsample_bytree': 0.8134791185063879, 'random_state': 80, 'gamma': 9.575164868702867, 'min_child_weight': 4.578092950856784, 'reg_alpha': 2.9468793316970032, 'reg_lambda': 8.971750129865521, 'scale_pos_weight': 6.32112353278963, 'max_delta_step': 5, 'colsample_bylevel': 0.5197201877235458, 'colsample_bynode': 0.763073267091243}. Best is trial 5 with value: 0.8835107198539554.
[I 2024-12-27 21:40:16,125] Trial 9 finished with value: 0.8037627548904613 and parameters: {'n_estimators': 59, 'learning_rate': 0.015764034662233535, 'max_depth': 6, 'subsample': 0.5159427638373801, 'colsample_bytree': 0.7907519341103832, 'random_state': 52, 'gamma': 1.4604335759655118, 'min_child_weight': 3.929820714043499, 'reg_alpha': 8.814266319562133, 'reg_lambda': 5.666820273090566, 'scale_pos_weight': 1.035750470737737, 'max_delta_step': 9, 'colsample_bylevel': 0.9345845490061975, 'colsample_bynode': 0.8677873196041566}. Best is trial 5 with value: 0.8835107198539554.
[I 2024-12-27 21:40:31,246] Trial 10 finished with value: 0.8833640213346516 and parameters: {'n_estimators': 196, 'learning_rate': 0.08240189276263686, 'max_depth': 8, 'subsample': 0.9947883875996996, 'colsample_bytree': 0.9646289156477593, 'random_state': 0, 'gamma': 4.256149350276038, 'min_child_weight': 0.5639978074098814, 'reg_alpha': 5.726654055924462, 'reg_lambda': 9.891745247900332, 'scale_pos_weight': 3.505846904630755, 'max_delta_step': 6, 'colsample_bylevel': 0.7578815736924884, 'colsample_bynode': 0.9475216286834689}. Best is trial 5 with value: 0.8835107198539554.
[I 2024-12-27 21:40:41,856] Trial 11 finished with value: 0.8847515048233999 and parameters: {'n_estimators': 199, 'learning_rate': 0.09616764933307918, 'max_depth': 8, 'subsample': 0.9965402818800411, 'colsample_bytree': 0.9700819559863332, 'random_state': 0, 'gamma': 4.09373012048585, 'min_child_weight': 0.04268252147760765, 'reg_alpha': 5.753315754674863, 'reg_lambda': 9.69117744311251, 'scale_pos_weight': 3.5059375462596227, 'max_delta_step': 6, 'colsample_bylevel': 0.7577560103394371, 'colsample_bynode': 0.9895755081926878}. Best is trial 11 with value: 0.8847515048233999.
[I 2024-12-27 21:40:51,170] Trial 12 finished with value: 0.8475761669507769 and parameters: {'n_estimators': 87, 'learning_rate': 0.03656329930563874, 'max_depth': 10, 'subsample': 0.8927501075235091, 'colsample_bytree': 0.5092186830280767, 'random_state': 35, 'gamma': 4.513548856950741, 'min_child_weight': 0.3326464807317177, 'reg_alpha': 6.631190357660339, 'reg_lambda': 7.531580830351844, 'scale_pos_weight': 3.203206209237486, 'max_delta_step': 7, 'colsample_bylevel': 0.7658423642450514, 'colsample_bynode': 0.9837268444685231}. Best is trial 11 with value: 0.8847515048233999.
[I 2024-12-27 21:41:00,949] Trial 13 finished with value: 0.8842014038692106 and parameters: {'n_estimators': 196, 'learning_rate': 0.09183030450420934, 'max_depth': 8, 'subsample': 0.900954284135156, 'colsample_bytree': 0.9632409944867149, 'random_state': 0, 'gamma': 7.43359584717411, 'min_child_weight': 2.243462909082151, 'reg_alpha': 9.898121739396736, 'reg_lambda': 8.125639793328514, 'scale_pos_weight': 2.6208885889159674, 'max_delta_step': 4, 'colsample_bylevel': 0.6683163103223969, 'colsample_bynode': 0.9983679906312887}. Best is trial 11 with value: 0.8847515048233999.
[I 2024-12-27 21:41:10,561] Trial 14 finished with value: 0.8774533859292379 and parameters: {'n_estimators': 199, 'learning_rate': 0.09192089516230868, 'max_depth': 8, 'subsample': 0.8985189407424952, 'colsample_bytree': 0.9865376053401334, 'random_state': 21, 'gamma': 8.450116926349764, 'min_child_weight': 3.286074010449237, 'reg_alpha': 9.75609305133385, 'reg_lambda': 7.752763700592819, 'scale_pos_weight': 2.764300020963466, 'max_delta_step': 4, 'colsample_bylevel': 0.6458227483714294, 'colsample_bynode': 0.7989514662960155}. Best is trial 11 with value: 0.8847515048233999.
[I 2024-12-27 21:41:22,813] Trial 15 finished with value: 0.8446605597514154 and parameters: {'n_estimators': 172, 'learning_rate': 0.06496779161909004, 'max_depth': 7, 'subsample': 0.8852719284695583, 'colsample_bytree': 0.915396916609487, 'random_state': 55, 'gamma': 7.617354684423093, 'min_child_weight': 2.6821642931707155, 'reg_alpha': 0.41473769126448445, 'reg_lambda': 8.460042454540455, 'scale_pos_weight': 4.509866278985665, 'max_delta_step': 0, 'colsample_bylevel': 0.5938734111868594, 'colsample_bynode': 0.6465460466591924}. Best is trial 11 with value: 0.8847515048233999.
[I 2024-12-27 21:41:31,021] Trial 16 finished with value: 0.7030678342513184 and parameters: {'n_estimators': 177, 'learning_rate': 0.09720320381152193, 'max_depth': 3, 'subsample': 0.9353700915200898, 'colsample_bytree': 0.9225462011696766, 'random_state': 34, 'gamma': 3.338355115048494, 'min_child_weight': 0.1037965160240597, 'reg_alpha': 4.1170819297491965, 'reg_lambda': 6.493243890910033, 'scale_pos_weight': 5.887569181000145, 'max_delta_step': 4, 'colsample_bylevel': 0.7108663998625144, 'colsample_bynode': 0.9937189324606394}. Best is trial 11 with value: 0.8847515048233999.
[I 2024-12-27 21:41:50,266] Trial 17 finished with value: 0.8444282982415844 and parameters: {'n_estimators': 186, 'learning_rate': 0.010083172357436969, 'max_depth': 9, 'subsample': 0.8184320124689505, 'colsample_bytree': 0.9966964688947391, 'random_state': 12, 'gamma': 7.535852064933881, 'min_child_weight': 5.5903385084116035, 'reg_alpha': 6.922209878337286, 'reg_lambda': 8.527498938313672, 'scale_pos_weight': 2.0588676454743364, 'max_delta_step': 5, 'colsample_bylevel': 0.8266428031350008, 'colsample_bynode': 0.9256503479669669}. Best is trial 11 with value: 0.8847515048233999.
[I 2024-12-27 21:41:59,614] Trial 18 finished with value: 0.8312745046101492 and parameters: {'n_estimators': 158, 'learning_rate': 0.042935264676280824, 'max_depth': 7, 'subsample': 0.9330035135734867, 'colsample_bytree': 0.918397665301042, 'random_state': 27, 'gamma': 5.4101689847175205, 'min_child_weight': 1.2134475411114427, 'reg_alpha': 4.924943956272101, 'reg_lambda': 6.482369823286142, 'scale_pos_weight': 3.8698304680436033, 'max_delta_step': 3, 'colsample_bylevel': 0.7097697335247255, 'colsample_bynode': 0.8054603787547575}. Best is trial 11 with value: 0.8847515048233999.
[I 2024-12-27 21:42:11,156] Trial 19 finished with value: 0.8894824848105453 and parameters: {'n_estimators': 162, 'learning_rate': 0.07236099215624733, 'max_depth': 9, 'subsample': 0.8359571100234071, 'colsample_bytree': 0.8830586784494939, 'random_state': 10, 'gamma': 3.8032644382331156, 'min_child_weight': 2.7780044245410034, 'reg_alpha': 9.76075798088328, 'reg_lambda': 9.061076862933088, 'scale_pos_weight': 2.614187351497922, 'max_delta_step': 6, 'colsample_bylevel': 0.5924040549527363, 'colsample_bynode': 0.6686990943327049}. Best is trial 19 with value: 0.8894824848105453.
[I 2024-12-27 21:42:24,697] Trial 20 finished with value: 0.8735353535429009 and parameters: {'n_estimators': 136, 'learning_rate': 0.07062423787458187, 'max_depth': 9, 'subsample': 0.8260264198787465, 'colsample_bytree': 0.8790188051506211, 'random_state': 43, 'gamma': 3.4499143184487444, 'min_child_weight': 3.1752517037833154, 'reg_alpha': 0.06097281012174793, 'reg_lambda': 4.459742737270461, 'scale_pos_weight': 5.445144772372791, 'max_delta_step': 6, 'colsample_bylevel': 0.5884885938682467, 'colsample_bynode': 0.6508231743864896}. Best is trial 19 with value: 0.8894824848105453.
[I 2024-12-27 21:42:35,765] Trial 21 finished with value: 0.7552734580071371 and parameters: {'n_estimators': 187, 'learning_rate': 0.07558558654331042, 'max_depth': 8, 'subsample': 0.9351051494227802, 'colsample_bytree': 0.9472419166770858, 'random_state': 6, 'gamma': 3.668564500184945, 'min_child_weight': 2.508208139784611, 'reg_alpha': 9.260347945926274, 'reg_lambda': 9.181626633405093, 'scale_pos_weight': 0.13309971912526208, 'max_delta_step': 7, 'colsample_bylevel': 0.5986534852570689, 'colsample_bynode': 0.6938113040447805}. Best is trial 19 with value: 0.8894824848105453.
[I 2024-12-27 21:42:49,584] Trial 22 finished with value: 0.8857417185211001 and parameters: {'n_estimators': 164, 'learning_rate': 0.048923675921067326, 'max_depth': 9, 'subsample': 0.8495358099682576, 'colsample_bytree': 0.8897415241594119, 'random_state': 16, 'gamma': 5.133677813942454, 'min_child_weight': 1.3300774600590046, 'reg_alpha': 9.786660130030143, 'reg_lambda': 7.862164624934818, 'scale_pos_weight': 2.397028725846629, 'max_delta_step': 5, 'colsample_bylevel': 0.702844643452237, 'colsample_bynode': 0.6150960273389912}. Best is trial 19 with value: 0.8894824848105453.
[I 2024-12-27 21:43:01,787] Trial 23 finished with value: 0.8904665602604082 and parameters: {'n_estimators': 162, 'learning_rate': 0.048599374409289096, 'max_depth': 9, 'subsample': 0.7598372119596644, 'colsample_bytree': 0.8613108393174744, 'random_state': 17, 'gamma': 5.1829361181202955, 'min_child_weight': 1.1813818445748034, 'reg_alpha': 7.126738948790982, 'reg_lambda': 9.955553114909256, 'scale_pos_weight': 2.0266801119995916, 'max_delta_step': 7, 'colsample_bylevel': 0.795969836124333, 'colsample_bynode': 0.6042095783959844}. Best is trial 23 with value: 0.8904665602604082.
[I 2024-12-27 21:43:14,042] Trial 24 finished with value: 0.8916645818541887 and parameters: {'n_estimators': 161, 'learning_rate': 0.04595430503576006, 'max_depth': 9, 'subsample': 0.7460220042033421, 'colsample_bytree': 0.8495697030377746, 'random_state': 14, 'gamma': 5.265949291362627, 'min_child_weight': 1.140179276545335, 'reg_alpha': 7.112934619071983, 'reg_lambda': 9.015769125447505, 'scale_pos_weight': 1.7738847542909768, 'max_delta_step': 7, 'colsample_bylevel': 0.8192631067469709, 'colsample_bynode': 0.5959807295912962}. Best is trial 24 with value: 0.8916645818541887.
[I 2024-12-27 21:43:27,212] Trial 25 finished with value: 0.7483970176857752 and parameters: {'n_estimators': 129, 'learning_rate': 0.04237303689867964, 'max_depth': 10, 'subsample': 0.7206722624749431, 'colsample_bytree': 0.8366498787566204, 'random_state': 27, 'gamma': 2.489919831503442, 'min_child_weight': 1.0472392341722183, 'reg_alpha': 6.927821306656411, 'reg_lambda': 9.018004075448035, 'scale_pos_weight': 0.12488208027245307, 'max_delta_step': 7, 'colsample_bylevel': 0.81008392433862, 'colsample_bynode': 0.5474826569112781}. Best is trial 24 with value: 0.8916645818541887.
[I 2024-12-27 21:43:41,545] Trial 26 finished with value: 0.8922452642091658 and parameters: {'n_estimators': 151, 'learning_rate': 0.060933500349852315, 'max_depth': 9, 'subsample': 0.7835184975673503, 'colsample_bytree': 0.7536813971924201, 'random_state': 59, 'gamma': 5.626242315818329, 'min_child_weight': 3.137563485179463, 'reg_alpha': 6.580631679014072, 'reg_lambda': 9.991814340366608, 'scale_pos_weight': 2.0508943060331295, 'max_delta_step': 8, 'colsample_bylevel': 0.8754568517486543, 'colsample_bynode': 0.5893232768829203}. Best is trial 26 with value: 0.8922452642091658.
[I 2024-12-27 21:43:52,461] Trial 27 finished with value: 0.8724473541573984 and parameters: {'n_estimators': 153, 'learning_rate': 0.05905226255284891, 'max_depth': 7, 'subsample': 0.7607325664358014, 'colsample_bytree': 0.756410997163829, 'random_state': 60, 'gamma': 5.428567415266633, 'min_child_weight': 3.6467584275289147, 'reg_alpha': 7.184050925136977, 'reg_lambda': 9.939452759844157, 'scale_pos_weight': 1.8071314982683464, 'max_delta_step': 8, 'colsample_bylevel': 0.8862673814134752, 'colsample_bynode': 0.5946445028264634}. Best is trial 26 with value: 0.8922452642091658.
[I 2024-12-27 21:44:01,520] Trial 28 finished with value: 0.8818603788841883 and parameters: {'n_estimators': 125, 'learning_rate': 0.04537076941254961, 'max_depth': 9, 'subsample': 0.5942737603011554, 'colsample_bytree': 0.6375260180271805, 'random_state': 66, 'gamma': 6.873660975926041, 'min_child_weight': 5.324003597726481, 'reg_alpha': 6.288857828577047, 'reg_lambda': 7.236017285777198, 'scale_pos_weight': 0.7701309790096076, 'max_delta_step': 10, 'colsample_bylevel': 0.8704662088348185, 'colsample_bynode': 0.5021626846909936}. Best is trial 26 with value: 0.8922452642091658.
[I 2024-12-27 21:44:16,209] Trial 29 finished with value: 0.8443060182176321 and parameters: {'n_estimators': 144, 'learning_rate': 0.036124038477931164, 'max_depth': 10, 'subsample': 0.7041637725257923, 'colsample_bytree': 0.7845848063922729, 'random_state': 89, 'gamma': 4.776398966647641, 'min_child_weight': 4.339094798148621, 'reg_alpha': 4.812801619657683, 'reg_lambda': 6.548954646300658, 'scale_pos_weight': 7.509850028149616, 'max_delta_step': 10, 'colsample_bylevel': 0.97575782683173, 'colsample_bynode': 0.613364603275007}. Best is trial 26 with value: 0.8922452642091658.
