[I 2024-12-28 05:29:19,144] Trial 31 finished with value: 0.9033269635780357 and parameters: {'n_estimators': 162, 'learning_rate': 0.05579544258389879, 'max_depth': 9, 'subsample': 0.6852078903511125, 'colsample_bytree': 0.6606981304618808, 'random_state': 0, 'gamma': 1.792736855505019, 'min_child_weight': 9.158898253000418, 'reg_alpha': 9.986180725492314, 'reg_lambda': 0.2687614184453879, 'scale_pos_weight': 3.334795528882754, 'max_delta_step': 10, 'colsample_bylevel': 0.6420828848255443, 'colsample_bynode': 0.5338356507813503, 'threshold': 0.7322975159229722}. Best is trial 10 with value: 0.9093782145477146.
[I 2024-12-28 05:29:29,984] Trial 32 finished with value: 0.8921719071039143 and parameters: {'n_estimators': 134, 'learning_rate': 0.052228739164676956, 'max_depth': 9, 'subsample': 0.6852443291841264, 'colsample_bytree': 0.6384301398579456, 'random_state': 12, 'gamma': 0.6917478054766255, 'min_child_weight': 8.47277518575228, 'reg_alpha': 9.281024952633604, 'reg_lambda': 0.035403323806139, 'scale_pos_weight': 3.9581247595483955, 'max_delta_step': 9, 'colsample_bylevel': 0.6547378467751375, 'colsample_bynode': 0.5513213488855325, 'threshold': 0.6827552025238751}. Best is trial 10 with value: 0.9093782145477146.
[I 2024-12-28 05:29:35,927] Trial 33 finished with value: 0.8733458557823341 and parameters: {'n_estimators': 50, 'learning_rate': 0.06292589471822456, 'max_depth': 10, 'subsample': 0.5659657391465687, 'colsample_bytree': 0.6788757631023384, 'random_state': 0, 'gamma': 1.7341973407976727, 'min_child_weight': 9.654374485966619, 'reg_alpha': 9.467132868221004, 'reg_lambda': 0.7372043469459459, 'scale_pos_weight': 5.591738296755213, 'max_delta_step': 9, 'colsample_bylevel': 0.558784834620184, 'colsample_bynode': 0.6413771985723948, 'threshold': 0.7359125567315301}. Best is trial 10 with value: 0.9093782145477146.
[I 2024-12-28 05:29:49,964] Trial 34 finished with value: 0.8415188255540599 and parameters: {'n_estimators': 167, 'learning_rate': 0.020227275001028576, 'max_depth': 10, 'subsample': 0.6703620190107703, 'colsample_bytree': 0.6291437191615421, 'random_state': 6, 'gamma': 2.585092493420072, 'min_child_weight': 6.585552667048672, 'reg_alpha': 7.842549935777009, 'reg_lambda': 0.668667955012533, 'scale_pos_weight': 1.293551971548514, 'max_delta_step': 10, 'colsample_bylevel': 0.6120727273455714, 'colsample_bynode': 0.5303079727381053, 'threshold': 0.3765385049421214}. Best is trial 10 with value: 0.9093782145477146.
[I 2024-12-28 05:29:59,052] Trial 35 finished with value: 0.891701279460414 and parameters: {'n_estimators': 116, 'learning_rate': 0.07179455270434851, 'max_depth': 9, 'subsample': 0.7950147400111057, 'colsample_bytree': 0.7693101177451651, 'random_state': 41, 'gamma': 3.5255724216947044, 'min_child_weight': 9.441857590490125, 'reg_alpha': 9.995338916856708, 'reg_lambda': 3.3110678503628677, 'scale_pos_weight': 2.5974220457845303, 'max_delta_step': 8, 'colsample_bylevel': 0.5710855787988243, 'colsample_bynode': 0.6152905209141232, 'threshold': 0.5784867022240925}. Best is trial 10 with value: 0.9093782145477146.
[I 2024-12-28 05:30:16,301] Trial 36 finished with value: 0.8868174873637276 and parameters: {'n_estimators': 200, 'learning_rate': 0.04359327809885934, 'max_depth': 10, 'subsample': 0.6439224415120701, 'colsample_bytree': 0.714796919805485, 'random_state': 54, 'gamma': 0.5477237768815557, 'min_child_weight': 8.042829890583807, 'reg_alpha': 9.245709400730032, 'reg_lambda': 2.053821743159555, 'scale_pos_weight': 4.493413936401188, 'max_delta_step': 9, 'colsample_bylevel': 0.7623109777888512, 'colsample_bynode': 0.5834444887551211, 'threshold': 0.8910338483247819}. Best is trial 10 with value: 0.9093782145477146.
[I 2024-12-28 05:30:28,737] Trial 37 finished with value: 0.8897269667760519 and parameters: {'n_estimators': 181, 'learning_rate': 0.053900081461704184, 'max_depth': 8, 'subsample': 0.5788384572420197, 'colsample_bytree': 0.5844010680435372, 'random_state': 16, 'gamma': 4.787068227886779, 'min_child_weight': 6.942112126069275, 'reg_alpha': 8.392984826349872, 'reg_lambda': 1.3577279910353612, 'scale_pos_weight': 5.571944411654905, 'max_delta_step': 10, 'colsample_bylevel': 0.6630753855544055, 'colsample_bynode': 0.5366559828829987, 'threshold': 0.8008081964551611}. Best is trial 10 with value: 0.9093782145477146.
[I 2024-12-28 05:30:39,673] Trial 38 finished with value: 0.6471091781711803 and parameters: {'n_estimators': 193, 'learning_rate': 0.03100465871911834, 'max_depth': 4, 'subsample': 0.8331026794142248, 'colsample_bytree': 0.5415339108176017, 'random_state': 78, 'gamma': 1.3786830456300776, 'min_child_weight': 8.639317478926703, 'reg_alpha': 3.7911440233973694, 'reg_lambda': 0.60752696901804, 'scale_pos_weight': 7.081964441701562, 'max_delta_step': 6, 'colsample_bylevel': 0.7189532111298496, 'colsample_bynode': 0.6510597877959754, 'threshold': 0.4674376886607742}. Best is trial 10 with value: 0.9093782145477146.
[I 2024-12-28 05:30:48,654] Trial 39 finished with value: 0.7249561554259645 and parameters: {'n_estimators': 96, 'learning_rate': 0.0889193575054919, 'max_depth': 9, 'subsample': 0.9008562466056252, 'colsample_bytree': 0.7996343323435777, 'random_state': 32, 'gamma': 2.2875489384171885, 'min_child_weight': 9.317214174054318, 'reg_alpha': 9.447597698681278, 'reg_lambda': 4.588223798355119, 'scale_pos_weight': 3.2727950840188567, 'max_delta_step': 8, 'colsample_bylevel': 0.5010958362314515, 'colsample_bynode': 0.8070458285566049, 'threshold': 0.11948288525475004}. Best is trial 10 with value: 0.9093782145477146.
[I 2024-12-28 05:31:03,665] Trial 40 finished with value: 0.8081942291055613 and parameters: {'n_estimators': 150, 'learning_rate': 0.01539778860459131, 'max_depth': 10, 'subsample': 0.7257912174009218, 'colsample_bytree': 0.6676435041167442, 'random_state': 10, 'gamma': 8.22647190635307, 'min_child_weight': 7.645553050405611, 'reg_alpha': 8.704657595519667, 'reg_lambda': 5.781884706228548, 'scale_pos_weight': 8.89754385880239, 'max_delta_step': 4, 'colsample_bylevel': 0.8474434851534817, 'colsample_bynode': 0.5018969496638581, 'threshold': 0.6538453369547699}. Best is trial 10 with value: 0.9093782145477146.
[I 2024-12-28 05:31:16,064] Trial 41 finished with value: 0.9038220661304861 and parameters: {'n_estimators': 159, 'learning_rate': 0.05784774433779824, 'max_depth': 9, 'subsample': 0.6982751945016803, 'colsample_bytree': 0.6537787173828301, 'random_state': 4, 'gamma': 1.7917314157286524, 'min_child_weight': 8.840074740238776, 'reg_alpha': 9.86821559837524, 'reg_lambda': 0.49721861158246566, 'scale_pos_weight': 3.343996853422608, 'max_delta_step': 10, 'colsample_bylevel': 0.6413903795735535, 'colsample_bynode': 0.5169904700277476, 'threshold': 0.7401298509771607}. Best is trial 10 with value: 0.9093782145477146.
[I 2024-12-28 05:31:30,063] Trial 42 finished with value: 0.9090420436726433 and parameters: {'n_estimators': 155, 'learning_rate': 0.07474352220385488, 'max_depth': 9, 'subsample': 0.6754577227834526, 'colsample_bytree': 0.6239754077313917, 'random_state': 4, 'gamma': 1.696087689742252, 'min_child_weight': 8.659891606941349, 'reg_alpha': 9.602272415480746, 'reg_lambda': 0.5891473981519741, 'scale_pos_weight': 5.0576716530285, 'max_delta_step': 10, 'colsample_bylevel': 0.6433469074024613, 'colsample_bynode': 0.5332225158591367, 'threshold': 0.7772658680333204}. Best is trial 10 with value: 0.9093782145477146.
[I 2024-12-28 05:31:42,470] Trial 43 finished with value: 0.8912000494945268 and parameters: {'n_estimators': 137, 'learning_rate': 0.07427752920133655, 'max_depth': 8, 'subsample': 0.6943009743836092, 'colsample_bytree': 0.6988490065403663, 'random_state': 3, 'gamma': 1.6796926919928648, 'min_child_weight': 9.98347956962476, 'reg_alpha': 9.085438377655825, 'reg_lambda': 3.3546892364949366, 'scale_pos_weight': 2.2416031051486525, 'max_delta_step': 9, 'colsample_bylevel': 0.6405245909732452, 'colsample_bynode': 0.5367014058850461, 'threshold': 0.7312090700871027}. Best is trial 10 with value: 0.9093782145477146.
[I 2024-12-28 05:31:54,966] Trial 44 finished with value: 0.8910166866193968 and parameters: {'n_estimators': 155, 'learning_rate': 0.09139309999194592, 'max_depth': 9, 'subsample': 0.6682773954835394, 'colsample_bytree': 0.9111923846464272, 'random_state': 4, 'gamma': 0.9386010890364423, 'min_child_weight': 2.0472338725909167, 'reg_alpha': 9.491776816949974, 'reg_lambda': 0.6954418411277463, 'scale_pos_weight': 5.0101679842659115, 'max_delta_step': 10, 'colsample_bylevel': 0.6759518401258221, 'colsample_bynode': 0.6103587126344756, 'threshold': 0.5383277537306225}. Best is trial 10 with value: 0.9093782145477146.
[I 2024-12-28 05:32:06,576] Trial 45 finished with value: 0.9005091689656763 and parameters: {'n_estimators': 164, 'learning_rate': 0.07637889114381742, 'max_depth': 8, 'subsample': 0.6219594952384249, 'colsample_bytree': 0.6606274741275832, 'random_state': 18, 'gamma': 2.8922865182097093, 'min_child_weight': 8.141781318094974, 'reg_alpha': 8.157378210463282, 'reg_lambda': 1.5042342726489955, 'scale_pos_weight': 3.659185653503779, 'max_delta_step': 9, 'colsample_bylevel': 0.6242785696724462, 'colsample_bynode': 0.5243087957148183, 'threshold': 0.7805823153713827}. Best is trial 10 with value: 0.9093782145477146.
[I 2024-12-28 05:32:18,680] Trial 46 finished with value: 0.9024406786727756 and parameters: {'n_estimators': 156, 'learning_rate': 0.06468146262838184, 'max_depth': 9, 'subsample': 0.7466295844871085, 'colsample_bytree': 0.7513713537575604, 'random_state': 3, 'gamma': 1.5819576534236357, 'min_child_weight': 8.67744446315514, 'reg_alpha': 7.456766211819144, 'reg_lambda': 0.5014857317609824, 'scale_pos_weight': 5.039419659513809, 'max_delta_step': 8, 'colsample_bylevel': 0.7003218670391451, 'colsample_bynode': 0.5733896229322876, 'threshold': 0.6872994603156485}. Best is trial 10 with value: 0.9093782145477146.
[I 2024-12-28 05:32:31,053] Trial 47 finished with value: 0.9064748263096286 and parameters: {'n_estimators': 133, 'learning_rate': 0.05635902053854848, 'max_depth': 9, 'subsample': 0.9600665008680621, 'colsample_bytree': 0.5403514129166799, 'random_state': 12, 'gamma': 2.2908323514442244, 'min_child_weight': 3.9171401323343416, 'reg_alpha': 9.551073133041411, 'reg_lambda': 1.0827839954804155, 'scale_pos_weight': 1.6239657694313243, 'max_delta_step': 10, 'colsample_bylevel': 0.7606683075294614, 'colsample_bynode': 0.862115501842579, 'threshold': 0.6043979130918178}. Best is trial 10 with value: 0.9093782145477146.
[I 2024-12-28 05:32:38,336] Trial 48 finished with value: 0.6440285357914021 and parameters: {'n_estimators': 132, 'learning_rate': 0.05026673726259007, 'max_depth': 3, 'subsample': 0.9770231278384635, 'colsample_bytree': 0.5256015612499728, 'random_state': 27, 'gamma': 2.2610371052592266, 'min_child_weight': 3.8148776422996487, 'reg_alpha': 8.998226433495848, 'reg_lambda': 2.1229571422752733, 'scale_pos_weight': 0.6168615504770405, 'max_delta_step': 7, 'colsample_bylevel': 0.7691635242364461, 'colsample_bynode': 0.8811543261923048, 'threshold': 0.6122035936489939}. Best is trial 10 with value: 0.9093782145477146.
Best trial accuracy: 0.9093782145477146
Best parameters: {'n_estimators': 153, 'learning_rate': 0.06057883562221319, 'max_depth': 10, 'subsample': 0.7267015030731455, 'colsample_bytree': 0.6631537892477964, 'random_state': 17, 'gamma': 2.368698710253576, 'min_child_weight': 8.637108660931315, 'reg_alpha': 9.630173474548245, 'reg_lambda': 0.14523433378303974, 'scale_pos_weight': 3.7039133272302873, 'max_delta_step': 10, 'colsample_bylevel': 0.6220516152279684, 'colsample_bynode': 0.5067381656563739, 'threshold': 0.6872133792668326}
[I 2024-12-28 05:32:48,016] Trial 49 finished with value: 0.871548830863663 and parameters: {'n_estimators': 120, 'learning_rate': 0.066860474742092, 'max_depth': 7, 'subsample': 0.7711123998359174, 'colsample_bytree': 0.5844424019514585, 'random_state': 20, 'gamma': 3.09674409976491, 'min_child_weight': 4.68769075804048, 'reg_alpha': 0.4739719604816832, 'reg_lambda': 8.675693886034606, 'scale_pos_weight': 1.547035484550288, 'max_delta_step': 1, 'colsample_bylevel': 0.7480552575450046, 'colsample_bynode': 0.8605984741787552, 'threshold': 0.4803918800199726}. Best is trial 10 with value: 0.9093782145477146.
C:\Users\Neil Huang\AppData\Local\Programs\Python\Python312\Lib\site-packages\xgboost\core.py:158: UserWarning: [05:32:48] WARNING: C:\buildkite-agent\builds\buildkite-windows-cpu-autoscaling-group-i-0c55ff5f71b100e98-1\xgboost\xgboost-ci-windows\src\learner.cc:740:
Parameters: { "threshold" } are not used.

  warnings.warn(smsg, UserWarning)
C:\Users\Neil Huang\AppData\Local\Programs\Python\Python312\Lib\site-packages\xgboost\core.py:158: UserWarning: [05:32:53] WARNING: C:\buildkite-agent\builds\buildkite-windows-cpu-autoscaling-group-i-0c55ff5f71b100e98-1\xgboost\xgboost-ci-windows\src\common\error_msg.cc:58: Falling back to prediction using DMatrix due to mismatched devices. This might lead to higher memory usage and slower performance. XGBoost is running on: cuda:0, while the input data is on: cpu.
Potential solutions:
- Use a data structure that matches the device ordinal in the booster.
- Set the device for booster before call to inplace_predict.

This warning will only be shown once.

  warnings.warn(smsg, UserWarning)
               Feature  Importance
6          min_flowiat    0.084220
18   flowPktsPerSecond    0.067497
7          max_flowiat    0.062464
19  flowBytesPerSecond    0.060021
3             min_biat    0.057979
1             max_fiat    0.057638
8         mean_flowiat    0.056712
5            mean_biat    0.049444
9          std_flowiat    0.049430
16            max_idle    0.049425
0             min_fiat    0.047007
4             max_biat    0.044583
2            mean_fiat    0.044055
12          max_active    0.043186
20            duration    0.038962
14            min_idle    0.037133
15           mean_idle    0.034690
10          min_active    0.032843
17            std_idle    0.029856
11         mean_active    0.028474
13          std_active    0.024382

Process finished with exit code -1073740791 (0xC0000409)
